<?xml version="1.0" encoding="UTF-8"?>
<!-- Generated by org.testng.reporters.JUnitXMLReporter -->
<testsuite hostname="LAPTOP-OITPML0G" ignored="0" name="Default test" tests="7" failures="0" timestamp="2022-05-18T14:21:09 IST" time="18.061" errors="0">
  <testcase name="Post" time="4.388" classname="testPackage.TestCases"/>
  <testcase name="Get" time="2.194" classname="testPackage.TestCases"/>
  <testcase name="Put" time="1.842" classname="testPackage.TestCases"/>
  <testcase name="Delete" time="4.704" classname="testPackage.TestCases"/>
  <testcase name="DeleteNegativeScenario" time="1.519" classname="testPackage.TestCases"/>
  <testcase name="PostMethodUsingStringBody" time="1.589" classname="testPackage.TestCases"/>
  <testcase name="PutMethodUsingStringBody" time="1.755" classname="testPackage.TestCases"/>
</testsuite> <!-- Default test -->
