<?xml version="1.0" encoding="UTF-8"?>
<testng-results skipped="0" failed="0" ignored="0" total="7" passed="7">
  <reporter-output>
  </reporter-output>
  <suite name="Default suite" duration-ms="18061" started-at="2022-05-18T14:20:51 IST" finished-at="2022-05-18T14:21:09 IST">
    <groups>
    </groups>
    <test name="Default test" duration-ms="18061" started-at="2022-05-18T14:20:51 IST" finished-at="2022-05-18T14:21:09 IST">
      <class name="testPackage.TestCases">
        <test-method status="PASS" signature="Post()[pri:1, instance:testPackage.TestCases@76f2b07d]" name="Post" duration-ms="4388" started-at="2022-05-18T14:20:51 IST" finished-at="2022-05-18T14:20:55 IST">
          <reporter-output>
          </reporter-output>
        </test-method> <!-- Post -->
        <test-method status="PASS" signature="Get()[pri:2, instance:testPackage.TestCases@76f2b07d]" name="Get" duration-ms="2194" started-at="2022-05-18T14:20:55 IST" finished-at="2022-05-18T14:20:57 IST">
          <reporter-output>
          </reporter-output>
        </test-method> <!-- Get -->
        <test-method status="PASS" signature="Put()[pri:3, instance:testPackage.TestCases@76f2b07d]" name="Put" duration-ms="1842" started-at="2022-05-18T14:20:57 IST" finished-at="2022-05-18T14:20:59 IST">
          <reporter-output>
          </reporter-output>
        </test-method> <!-- Put -->
        <test-method status="PASS" signature="Delete()[pri:4, instance:testPackage.TestCases@76f2b07d]" name="Delete" duration-ms="4704" started-at="2022-05-18T14:20:59 IST" finished-at="2022-05-18T14:21:04 IST">
          <reporter-output>
          </reporter-output>
        </test-method> <!-- Delete -->
        <test-method status="PASS" signature="DeleteNegativeScenario()[pri:5, instance:testPackage.TestCases@76f2b07d]" name="DeleteNegativeScenario" duration-ms="1519" started-at="2022-05-18T14:21:04 IST" finished-at="2022-05-18T14:21:05 IST">
          <reporter-output>
          </reporter-output>
        </test-method> <!-- DeleteNegativeScenario -->
        <test-method status="PASS" signature="PostMethodUsingStringBody()[pri:6, instance:testPackage.TestCases@76f2b07d]" name="PostMethodUsingStringBody" duration-ms="1589" started-at="2022-05-18T14:21:05 IST" finished-at="2022-05-18T14:21:07 IST">
          <reporter-output>
          </reporter-output>
        </test-method> <!-- PostMethodUsingStringBody -->
        <test-method status="PASS" signature="PutMethodUsingStringBody()[pri:7, instance:testPackage.TestCases@76f2b07d]" name="PutMethodUsingStringBody" duration-ms="1755" started-at="2022-05-18T14:21:07 IST" finished-at="2022-05-18T14:21:09 IST">
          <reporter-output>
          </reporter-output>
        </test-method> <!-- PutMethodUsingStringBody -->
      </class> <!-- testPackage.TestCases -->
    </test> <!-- Default test -->
  </suite> <!-- Default suite -->
</testng-results>
